<?xml version="1.0" encoding="UTF-8"?>
<!-- Generated by org.testng.reporters.JUnitReportReporter -->
<testsuite skipped="0" hostname="DT0480" name="com.test.suite.RunnerTest" tests="1" failures="0" timestamp="2019-10-14T09:33:09 BST" time="387.390" errors="0">
  <testcase name="Login" time="387.390" classname="com.test.suite.RunnerTest"/>
</testsuite> <!-- com.test.suite.RunnerTest -->
