<?xml version="1.0" encoding="UTF-8"?>
<!-- Generated by org.testng.reporters.JUnitReportReporter -->
<testsuite skipped="0" hostname="DT0480" name="SearchCard.Advsearch" tests="1" failures="0" timestamp="2019-09-18T09:21:55 BST" time="137.094" errors="0">
  <testcase name="LoginAdvSearch" time="137.094" classname="SearchCard.Advsearch"/>
</testsuite> <!-- SearchCard.Advsearch -->
