<?xml version="1.0" encoding="UTF-8"?>
<!-- Generated by org.testng.reporters.JUnitReportReporter -->
<testsuite hostname="DESKTOP-6MJTGIG" name="com.test.angular.suite.Login_Test" tests="1" failures="0" timestamp="22 Jan 2019 11:18:20 GMT" time="95.675" errors="0">
  <testcase name="Login" time="95.675" classname="com.test.angular.suite.Login_Test"/>
</testsuite> <!-- com.test.angular.suite.Login_Test -->
