<?xml version="1.0" encoding="UTF-8"?>
<!-- Generated by org.testng.reporters.JUnitReportReporter -->
<testsuite skipped="0" hostname="DT0480" name="HotlistReissue.HotlistReissue" tests="1" failures="0" timestamp="2019-09-18T09:30:26 BST" time="305.542" errors="0">
  <testcase name="LoginHotlistReissue" time="305.542" classname="HotlistReissue.HotlistReissue"/>
</testsuite> <!-- HotlistReissue.HotlistReissue -->
