<?xml version="1.0" encoding="UTF-8"?>
<!-- Generated by org.testng.reporters.JUnitReportReporter -->
<testsuite skipped="0" hostname="DT0480" name="com.test.suite.RunnerTest" tests="1" failures="0" timestamp="2019-09-23T11:05:08 BST" time="311.559" errors="0">
  <testcase name="Login" time="311.559" classname="com.test.suite.RunnerTest"/>
</testsuite> <!-- com.test.suite.RunnerTest -->
