<?xml version="1.0" encoding="UTF-8"?>
<!-- Generated by org.testng.reporters.JUnitReportReporter -->
<testsuite skipped="0" hostname="DT0480" name="SearchCard.Advsearch" tests="1" failures="0" timestamp="2019-10-11T12:18:41 BST" time="135.570" errors="0">
  <testcase name="LoginAdvSearch" time="135.570" classname="SearchCard.Advsearch"/>
</testsuite> <!-- SearchCard.Advsearch -->
