<?xml version="1.0" encoding="UTF-8"?>
<!-- Generated by org.testng.reporters.JUnitReportReporter -->
<testsuite skipped="0" hostname="DT0480" name="SearchCard.Search" tests="1" failures="0" timestamp="2019-10-11T09:58:17 BST" time="118.058" errors="0">
  <testcase name="LoginSearch" time="118.058" classname="SearchCard.Search"/>
</testsuite> <!-- SearchCard.Search -->
