<?xml version="1.0" encoding="UTF-8"?>
<!-- Generated by org.testng.reporters.JUnitReportReporter -->
<testsuite hostname="Rajesh" name="com.test.suite.RunnerTest2" tests="1" failures="0" timestamp="5 Mar 2019 17:21:21 GMT" time="0.773" errors="0">
  <testcase name="Login" time="0.773" classname="com.test.suite.RunnerTest2"/>
</testsuite> <!-- com.test.suite.RunnerTest2 -->
