<?xml version="1.0" encoding="UTF-8"?>
<!-- Generated by org.testng.reporters.JUnitReportReporter -->
<testsuite hostname="TecraMACs-MacBook-Pro.local" name="com.test.ios.tests.IOS_Neighbor_Signup_Test" tests="1" failures="0" timestamp="28 Feb 2019 07:33:20 GMT" time="294.027" errors="0">
  <testcase name="SignUp_Neighbor" time="294.027" classname="com.test.ios.tests.IOS_Neighbor_Signup_Test"/>
</testsuite> <!-- com.test.ios.tests.IOS_Neighbor_Signup_Test -->
