<?xml version="1.0" encoding="UTF-8"?>
<!-- Generated by org.testng.reporters.JUnitReportReporter -->
<testsuite skipped="0" hostname="DT0480" name="HotlistReissue.HotlistReissue" tests="1" failures="0" timestamp="2019-10-14T09:25:37 BST" time="228.924" errors="0">
  <testcase name="LoginHotlistReissue" time="228.924" classname="HotlistReissue.HotlistReissue"/>
</testsuite> <!-- HotlistReissue.HotlistReissue -->
