<?xml version="1.0" encoding="UTF-8"?>
<!-- Generated by org.testng.reporters.JUnitReportReporter -->
<testsuite hostname="DESKTOP-6MJTGIG" name="com.test.suite.Register_Test" tests="1" failures="0" timestamp="7 Jan 2019 10:23:51 GMT" time="44.615" errors="0">
  <testcase name="registerUser" time="44.615" classname="com.test.suite.Register_Test"/>
</testsuite> <!-- com.test.suite.Register_Test -->
