<?xml version="1.0" encoding="UTF-8"?>
<!-- Generated by org.testng.reporters.JUnitReportReporter -->
<testsuite hostname="DESKTOP-6MJTGIG" name="com.test.angular.suite.Neighbor_SignUp_Test" tests="1" failures="0" timestamp="22 Jan 2019 13:59:05 GMT" time="189.775" errors="0">
  <testcase name="SignUp_Neighbor" time="189.775" classname="com.test.angular.suite.Neighbor_SignUp_Test"/>
</testsuite> <!-- com.test.angular.suite.Neighbor_SignUp_Test -->
