<?xml version="1.0" encoding="UTF-8"?>
<!-- Generated by org.testng.reporters.JUnitReportReporter -->
<testsuite hostname="DESKTOP-6MJTGIG" name="com.test.mobile.suite.App_Login_Test" tests="1" failures="0" timestamp="18 Jan 2019 08:30:40 GMT" time="41.252" errors="0">
  <testcase name="testAPP" time="41.252" classname="com.test.mobile.suite.App_Login_Test"/>
</testsuite> <!-- com.test.mobile.suite.App_Login_Test -->
