<?xml version="1.0" encoding="UTF-8"?>
<!-- Generated by org.testng.reporters.JUnitReportReporter -->
<testsuite skipped="0" hostname="DT0480" name="SearchCard.Search" tests="1" failures="0" timestamp="2019-09-18T09:18:13 BST" time="114.173" errors="0">
  <testcase name="LoginSearch" time="114.173" classname="SearchCard.Search"/>
</testsuite> <!-- SearchCard.Search -->
