<?xml version="1.0" encoding="UTF-8"?>
<!-- Generated by org.testng.reporters.JUnitReportReporter -->
<testsuite hostname="DESKTOP-6MJTGIG" name="com.test.suite.Neighbor_SignUp_Test" tests="1" failures="0" timestamp="8 Jan 2019 11:59:21 GMT" time="181.158" errors="0">
  <testcase name="SignUp_Neighbor" time="181.158" classname="com.test.suite.Neighbor_SignUp_Test"/>
</testsuite> <!-- com.test.suite.Neighbor_SignUp_Test -->
