<?xml version="1.0" encoding="UTF-8"?>
<!-- Generated by org.testng.reporters.JUnitReportReporter -->
<testsuite hostname="TecraMACs-MacBook-Pro.local" name="com.test.ios.tests.IOS_Login_Test" tests="1" failures="0" timestamp="19 Feb 2019 08:31:02 GMT" time="105.628" errors="0">
  <testcase name="testAPP" time="105.628" classname="com.test.ios.tests.IOS_Login_Test"/>
</testsuite> <!-- com.test.ios.tests.IOS_Login_Test -->
