<?xml version="1.0" encoding="UTF-8"?>
<!-- Generated by org.testng.reporters.JUnitReportReporter -->
<testsuite hostname="DESKTOP-6MJTGIG" name="com.test.mobile.suite.App_Register_Test" tests="2" failures="0" timestamp="22 Jan 2019 14:04:05 GMT" time="96.041" errors="0">
  <testcase name="registerUser" time="48.612" classname="com.test.mobile.suite.App_Register_Test"/>
  <testcase name="verifyConfirmationMail" time="47.429" classname="com.test.mobile.suite.App_Register_Test"/>
</testsuite> <!-- com.test.mobile.suite.App_Register_Test -->
