<?xml version="1.0" encoding="UTF-8"?>
<!-- Generated by org.testng.reporters.JUnitReportReporter -->
<testsuite hostname="DESKTOP-6MJTGIG" name="com.test.mobile.suite.VerifyEmail" tests="1" failures="0" timestamp="17 Jan 2019 12:01:21 GMT" time="64.417" errors="0">
  <testcase name="verifyEmailTest" time="64.417" classname="com.test.mobile.suite.VerifyEmail"/>
</testsuite> <!-- com.test.mobile.suite.VerifyEmail -->
