<?xml version="1.0" encoding="UTF-8"?>
<!-- Generated by org.testng.reporters.JUnitReportReporter -->
<testsuite hostname="DESKTOP-6MJTGIG" name="com.test.angular.suite.Register_Test" tests="1" failures="0" timestamp="22 Jan 2019 13:59:05 GMT" time="254.408" errors="0">
  <testcase name="registerUser" time="254.408" classname="com.test.angular.suite.Register_Test"/>
</testsuite> <!-- com.test.angular.suite.Register_Test -->
