<?xml version="1.0" encoding="UTF-8"?>
<!-- Generated by org.testng.reporters.JUnitReportReporter -->
<testsuite hostname="DT0480" name="Advancesearch.Advsearch" tests="1" failures="0" timestamp="22 Mar 2019 15:26:09 GMT" time="46.987" errors="0">
  <testcase name="LoginAdvSearch" time="46.987" classname="Advancesearch.Advsearch"/>
</testsuite> <!-- Advancesearch.Advsearch -->
