<?xml version="1.0" encoding="UTF-8"?>
<!-- Generated by org.testng.reporters.JUnitReportReporter -->
<testsuite skipped="0" hostname="DT0480" name="HotlistReissue.GenerateRenewalCode" tests="1" failures="0" timestamp="2019-10-11T09:42:33 BST" time="208.245" errors="0">
  <testcase name="LoginGenerateRenewalCode" time="208.245" classname="HotlistReissue.GenerateRenewalCode"/>
</testsuite> <!-- HotlistReissue.GenerateRenewalCode -->
