<?xml version="1.0" encoding="UTF-8"?>
<!-- Generated by org.testng.reporters.JUnitReportReporter -->
<testsuite hostname="DT0480" name="com.test.suite.TestExcelData" tests="1" failures="0" timestamp="12 Mar 2019 09:40:28 GMT" time="1.187" errors="0">
  <testcase name="Login" time="1.187" classname="com.test.suite.TestExcelData"/>
</testsuite> <!-- com.test.suite.TestExcelData -->
