<?xml version="1.0" encoding="UTF-8"?>
<!-- Generated by org.testng.reporters.JUnitReportReporter -->
<testsuite hostname="DESKTOP-6MJTGIG" name="com.test.angular.suite.TestExcl" tests="1" failures="0" timestamp="22 Jan 2019 07:52:22 GMT" time="59.284" errors="0">
  <testcase name="testInd" time="59.284" classname="com.test.angular.suite.TestExcl"/>
</testsuite> <!-- com.test.angular.suite.TestExcl -->
