<?xml version="1.0" encoding="UTF-8"?>
<!-- Generated by org.testng.reporters.JUnitReportReporter -->
<testsuite hostname="DESKTOP-6MJTGIG" name="com.test.suite.Login_Test" tests="1" failures="0" timestamp="10 Jan 2019 07:26:25 GMT" time="29.595" errors="0">
  <testcase name="Login" time="29.595" classname="com.test.suite.Login_Test"/>
</testsuite> <!-- com.test.suite.Login_Test -->
